<?xml version="1.0" encoding="UTF-8"?>
<!-- Generated by org.testng.reporters.JUnitReportReporter -->
<testsuite hostname="Bikash" failures="0" tests="1" name="com.assignment.ScenVTIGER" time="3.095" errors="0" timestamp="2024-09-25T11:10:56 IST" skipped="0">
  <testcase classname="com.assignment.ScenVTIGER" name="execute" time="3.095"/>
</testsuite> <!-- com.assignment.ScenVTIGER -->
