<?xml version="1.0" encoding="UTF-8"?>
<!-- Generated by org.testng.reporters.JUnitReportReporter -->
<testsuite hostname="Bikash" failures="0" tests="1" name="com.demo.GraphQL_Execution" time="3.747" errors="0" timestamp="2024-09-26T18:08:03 IST" skipped="0">
  <testcase classname="com.demo.GraphQL_Execution" name="execute" time="3.747"/>
</testsuite> <!-- com.demo.GraphQL_Execution -->
