<?xml version="1.0" encoding="UTF-8"?>
<!-- Generated by org.testng.reporters.JUnitReportReporter -->
<testsuite hostname="Bikash" failures="0" tests="1" name="com.demo.Testing" time="0.020" errors="0" timestamp="2024-09-05T08:05:17 IST" skipped="0">
  <testcase classname="com.demo.Testing" name="main" time="0.020"/>
</testsuite> <!-- com.demo.Testing -->
