<?xml version="1.0" encoding="UTF-8"?>
<!-- Generated by org.testng.reporters.JUnitReportReporter -->
<testsuite hostname="Bikash" failures="0" tests="1" name="com.assignment.Ex1" time="5.755" errors="0" timestamp="2024-09-20T11:19:25 IST" skipped="0">
  <testcase classname="com.assignment.Ex1" name="execute" time="5.755"/>
</testsuite> <!-- com.assignment.Ex1 -->
