<?xml version="1.0" encoding="UTF-8"?>
<!-- Generated by org.testng.reporters.JUnitReportReporter -->
<testsuite hostname="Bikash" failures="0" tests="1" name="com.assignment.Scen2" time="25.492" errors="0" timestamp="2024-09-18T11:03:47 IST" skipped="0">
  <testcase classname="com.assignment.Scen2" name="execute" time="25.492"/>
</testsuite> <!-- com.assignment.Scen2 -->
