<?xml version="1.0" encoding="UTF-8"?>
<!-- Generated by org.testng.reporters.JUnitReportReporter -->
<testsuite hostname="Bikash" failures="0" tests="1" name="com.assignment.Scen16" time="6.396" errors="0" timestamp="2024-09-25T11:19:33 IST" skipped="0">
  <testcase classname="com.assignment.Scen16" name="execute" time="6.396"/>
</testsuite> <!-- com.assignment.Scen16 -->
