<?xml version="1.0" encoding="UTF-8"?>
<!-- Generated by org.testng.reporters.JUnitReportReporter -->
<testsuite hostname="Bikash" failures="0" tests="1" name="com.demo.Demo" time="9.845" errors="0" timestamp="2024-09-11T08:54:00 IST" skipped="0">
  <testcase classname="com.demo.Demo" name="demo" time="9.845"/>
</testsuite> <!-- com.demo.Demo -->
