<?xml version="1.0" encoding="UTF-8"?>
<!-- Generated by org.testng.reporters.JUnitReportReporter -->
<testsuite hostname="Bikash" failures="0" tests="1" name="com.assignment.Scen4" time="10.843" errors="0" timestamp="2024-09-18T11:37:08 IST" skipped="0">
  <testcase classname="com.assignment.Scen4" name="execute" time="10.843"/>
</testsuite> <!-- com.assignment.Scen4 -->
