<?xml version="1.0" encoding="UTF-8"?>
<!-- Generated by org.testng.reporters.JUnitReportReporter -->
<testsuite hostname="Bikash" failures="0" tests="1" name="com.assignment.ScenShadowRoot" time="13.438" errors="0" timestamp="2024-09-21T13:01:44 IST" skipped="0">
  <testcase classname="com.assignment.ScenShadowRoot" name="execute" time="13.438"/>
</testsuite> <!-- com.assignment.ScenShadowRoot -->
