<?xml version="1.0" encoding="UTF-8"?>
<!-- Generated by org.testng.reporters.JUnitReportReporter -->
<testsuite hostname="Bikash" failures="0" tests="1" name="ReadingExcel" time="9.679" errors="0" timestamp="2024-09-25T16:33:45 IST" skipped="0">
  <testcase classname="ReadingExcel" name="readingExcel" time="9.679"/>
</testsuite> <!-- ReadingExcel -->
