<?xml version="1.0" encoding="UTF-8"?>
<!-- Generated by org.testng.reporters.JUnitReportReporter -->
<testsuite hostname="Bikash" failures="0" tests="1" name="com.assignment.Scen2_Complex" time="0.259" errors="0" timestamp="2024-09-20T13:17:11 IST" skipped="0">
  <testcase classname="com.assignment.Scen2_Complex" name="execute" time="0.259"/>
</testsuite> <!-- com.assignment.Scen2_Complex -->
