<?xml version="1.0" encoding="UTF-8"?>
<!-- Generated by org.testng.reporters.JUnitReportReporter -->
<testsuite hostname="Bikash" failures="0" tests="1" name="com.assignment.Scen10" time="27.180" errors="0" timestamp="2024-09-18T12:53:48 IST" skipped="0">
  <testcase classname="com.assignment.Scen10" name="execute" time="27.180"/>
</testsuite> <!-- com.assignment.Scen10 -->
