<?xml version="1.0" encoding="UTF-8"?>
<!-- Generated by org.testng.reporters.JUnitReportReporter -->
<testsuite hostname="Bikash" failures="0" tests="1" name="com.assignment.Scen8" time="15.578" errors="0" timestamp="2024-09-20T15:30:56 IST" skipped="0">
  <testcase classname="com.assignment.Scen8" name="execute" time="15.578"/>
</testsuite> <!-- com.assignment.Scen8 -->
