<?xml version="1.0" encoding="UTF-8"?>
<!-- Generated by org.testng.reporters.JUnitReportReporter -->
<testsuite hostname="Bikash" failures="0" tests="1" name="com.assignment.Scen12" time="11.210" errors="0" timestamp="2024-09-18T12:21:36 IST" skipped="0">
  <testcase classname="com.assignment.Scen12" name="execute" time="11.210"/>
</testsuite> <!-- com.assignment.Scen12 -->
