<?xml version="1.0" encoding="UTF-8"?>
<!-- Generated by org.testng.reporters.JUnitReportReporter -->
<testsuite hostname="Bikash" failures="0" tests="1" name="com.assignment.Scen14" time="5.064" errors="0" timestamp="2024-09-18T11:57:23 IST" skipped="0">
  <testcase classname="com.assignment.Scen14" name="execute" time="5.064"/>
</testsuite> <!-- com.assignment.Scen14 -->
