<?xml version="1.0" encoding="UTF-8"?>
<!-- Generated by org.testng.reporters.JUnitReportReporter -->
<testsuite hostname="Bikash" failures="0" tests="1" name="Ex2" time="5.846" errors="0" timestamp="2024-09-20T15:35:05 IST" skipped="0">
  <testcase classname="Ex2" name="execute" time="5.846"/>
</testsuite> <!-- Ex2 -->
